2020-10-21 16:10:50.453 [main] INFO  com.pal.eduservice.EduApplication - Starting EduApplication on LAPTOP-3TMQ3A72 with PID 9056 (D:\panal\jetbrains\apps\IDEA-U\workspace\parent_project\service\service_edu\target\classes started by panal in D:\panal\jetbrains\apps\IDEA-U\workspace\parent_project)
2020-10-21 16:10:50.459 [main] INFO  com.pal.eduservice.EduApplication - The following profiles are active: dev
2020-10-21 16:10:52.134 [main] INFO  o.s.d.r.config.RepositoryConfigurationDelegate - Multiple Spring Data modules found, entering strict repository configuration mode!
2020-10-21 16:10:52.136 [main] INFO  o.s.d.r.config.RepositoryConfigurationDelegate - Bootstrapping Spring Data repositories in DEFAULT mode.
2020-10-21 16:10:52.182 [main] INFO  o.s.d.r.config.RepositoryConfigurationDelegate - Finished Spring Data repository scanning in 25ms. Found 0 repository interfaces.
2020-10-21 16:10:52.616 [main] INFO  o.s.c.s.PostProcessorRegistrationDelegate$BeanPostProcessorChecker - Bean 'org.springframework.transaction.annotation.ProxyTransactionManagementConfiguration' of type [org.springframework.transaction.annotation.ProxyTransactionManagementConfiguration] is not eligible for getting processed by all BeanPostProcessors (for example: not eligible for auto-proxying)
2020-10-21 16:10:52.980 [main] INFO  o.s.boot.web.embedded.tomcat.TomcatWebServer - Tomcat initialized with port(s): 8001 (http)
2020-10-21 16:10:52.991 [main] INFO  org.apache.coyote.http11.Http11NioProtocol - Initializing ProtocolHandler ["http-nio-8001"]
2020-10-21 16:10:52.992 [main] INFO  org.apache.catalina.core.StandardService - Starting service [Tomcat]
2020-10-21 16:10:52.992 [main] INFO  org.apache.catalina.core.StandardEngine - Starting Servlet engine: [Apache Tomcat/9.0.27]
2020-10-21 16:10:53.115 [main] INFO  o.a.c.core.ContainerBase.[Tomcat].[localhost].[/] - Initializing Spring embedded WebApplicationContext
2020-10-21 16:10:53.116 [main] INFO  org.springframework.web.context.ContextLoader - Root WebApplicationContext: initialization completed in 2594 ms
2020-10-21 16:10:53.350 [main] INFO  com.zaxxer.hikari.HikariDataSource - HikariPool-1 - Starting...
2020-10-21 16:10:54.716 [main] INFO  com.zaxxer.hikari.HikariDataSource - HikariPool-1 - Start completed.
2020-10-21 16:10:55.415 [main] INFO  s.d.s.w.PropertySourcedRequestMappingHandlerMapping - Mapped URL path [/v2/api-docs] onto method [springfox.documentation.swagger2.web.Swagger2Controller#getDocumentation(String, HttpServletRequest)]
2020-10-21 16:10:55.518 [main] INFO  o.s.scheduling.concurrent.ThreadPoolTaskExecutor - Initializing ExecutorService 'applicationTaskExecutor'
2020-10-21 16:10:56.165 [main] INFO  s.d.s.web.plugins.DocumentationPluginsBootstrapper - Context refreshed
2020-10-21 16:10:56.180 [main] INFO  s.d.s.web.plugins.DocumentationPluginsBootstrapper - Found 1 custom documentation plugin(s)
2020-10-21 16:10:56.220 [main] INFO  s.d.spring.web.scanners.ApiListingReferenceScanner - Scanning for api listing references
2020-10-21 16:10:56.403 [main] INFO  org.apache.coyote.http11.Http11NioProtocol - Starting ProtocolHandler ["http-nio-8001"]
2020-10-21 16:10:56.456 [main] INFO  o.s.boot.web.embedded.tomcat.TomcatWebServer - Tomcat started on port(s): 8001 (http) with context path ''
2020-10-21 16:10:56.458 [main] INFO  com.pal.eduservice.EduApplication - Started EduApplication in 7.021 seconds (JVM running for 8.423)
